<?xml version="1.0" encoding="UTF-8"?>
<testsuite name="happyman.sugang.domain.AdminRepositoryTest" tests="1" skipped="0" failures="0" errors="0" timestamp="2023-03-16T07:23:05" hostname="heenamkangs-MacBook-Air.local" time="0.61">
  <properties/>
  <testcase name="수업_개설()" classname="happyman.sugang.domain.AdminRepositoryTest" time="0.61"/>
  <system-out><![CDATA[16:23:03.397 [Test worker] DEBUG org.springframework.boot.test.context.SpringBootTestContextBootstrapper - Neither @ContextConfiguration nor @ContextHierarchy found for test class [AdminRepositoryTest]: using SpringBootContextLoader
16:23:03.403 [Test worker] DEBUG org.springframework.test.context.support.AbstractContextLoader - Could not detect default resource locations for test class [happyman.sugang.domain.AdminRepositoryTest]: no resource found for suffixes {-context.xml, Context.groovy}.
16:23:03.404 [Test worker] INFO org.springframework.test.context.support.AnnotationConfigContextLoaderUtils - Could not detect default configuration classes for test class [happyman.sugang.domain.AdminRepositoryTest]: AdminRepositoryTest does not declare any static, non-private, non-final, nested classes annotated with @Configuration.
16:23:03.436 [Test worker] DEBUG org.springframework.boot.test.context.SpringBootTestContextBootstrapper - Using ContextCustomizers for test class [AdminRepositoryTest]: [DisableObservabilityContextCustomizer, PropertyMappingContextCustomizer, Customizer, ExcludeFilterContextCustomizer, DuplicateJsonObjectContextCustomizer, MockitoContextCustomizer, TestRestTemplateContextCustomizer]
16:23:03.510 [Test worker] DEBUG org.springframework.context.annotation.ClassPathScanningCandidateComponentProvider - Identified candidate component class: file [/Users/heenamkang/dev/spring/sugang/build/classes/java/main/happyman/sugang/SugangApplication.class]
16:23:03.512 [Test worker] INFO org.springframework.boot.test.context.SpringBootTestContextBootstrapper - Found @SpringBootConfiguration happyman.sugang.SugangApplication for test class happyman.sugang.domain.AdminRepositoryTest
16:23:03.587 [Test worker] DEBUG org.springframework.boot.test.context.SpringBootTestContextBootstrapper - Using TestExecutionListeners for test class [AdminRepositoryTest]: [ServletTestExecutionListener, DirtiesContextBeforeModesTestExecutionListener, ApplicationEventsTestExecutionListener, MockitoTestExecutionListener, DependencyInjectionTestExecutionListener, DirtiesContextTestExecutionListener, TransactionalTestExecutionListener, SqlScriptsTestExecutionListener, EventPublishingTestExecutionListener, RestDocsTestExecutionListener, MockRestServiceServerResetTestExecutionListener, MockMvcPrintOnlyOnFailureTestExecutionListener, WebDriverTestExecutionListener, MockWebServiceServerTestExecutionListener, ResetMocksTestExecutionListener]
16:23:03.588 [Test worker] DEBUG org.springframework.test.context.support.AbstractDirtiesContextTestExecutionListener - Before test class: class [AdminRepositoryTest], class annotated with @DirtiesContext [false] with mode [null]

  .   ____          _            __ _ _
 /\\ / ___'_ __ _ _(_)_ __  __ _ \ \ \ \
( ( )\___ | '_ | '_| | '_ \/ _` | \ \ \ \
 \\/  ___)| |_)| | | | | || (_| |  ) ) ) )
  '  |____| .__|_| |_|_| |_\__, | / / / /
 =========|_|==============|___/=/_/_/_/
 :: Spring Boot ::                (v3.0.3)

2023-03-16T16:23:03.807+09:00  INFO 9432 --- [    Test worker] h.sugang.domain.AdminRepositoryTest      : Starting AdminRepositoryTest using Java 17.0.5 with PID 9432 (started by heenamkang in /Users/heenamkang/dev/spring/sugang)
2023-03-16T16:23:03.808+09:00  INFO 9432 --- [    Test worker] h.sugang.domain.AdminRepositoryTest      : The following 1 profile is active: "test"
2023-03-16T16:23:04.472+09:00 DEBUG 9432 --- [    Test worker] o.s.jdbc.datasource.DataSourceUtils      : Fetching JDBC Connection from DataSource
2023-03-16T16:23:04.473+09:00  INFO 9432 --- [    Test worker] com.zaxxer.hikari.HikariDataSource       : HikariPool-1 - Starting...
2023-03-16T16:23:04.587+09:00  INFO 9432 --- [    Test worker] com.zaxxer.hikari.pool.HikariPool        : HikariPool-1 - Added connection conn0: url=jdbc:h2:tcp://localhost/~/test user=SA
2023-03-16T16:23:04.588+09:00  INFO 9432 --- [    Test worker] com.zaxxer.hikari.HikariDataSource       : HikariPool-1 - Start completed.
2023-03-16T16:23:05.305+09:00  INFO 9432 --- [    Test worker] h.sugang.domain.AdminRepositoryTest      : Started AdminRepositoryTest in 1.652 seconds (process running for 2.635)
2023-03-16T16:23:05.744+09:00 DEBUG 9432 --- [    Test worker] o.s.jdbc.datasource.DataSourceUtils      : Fetching JDBC Connection from DataSource
2023-03-16T16:23:05.748+09:00 DEBUG 9432 --- [    Test worker] h.s.repository.AdminMapper.createClass   : ==>  Preparing: insert into class (course_id, class_no, lecturer_id, room_id, person_register, person_max, opened, begin, end) values (?, ?, ?, ?, ?, ?, ?, ?, ?)
2023-03-16T16:23:05.777+09:00 DEBUG 9432 --- [    Test worker] h.s.repository.AdminMapper.createClass   : ==> Parameters: CIE3022(String), 12750(Integer), 2001001001(Integer), 109(Integer), 0(Integer), 40(Integer), 2022(Integer), 월 15시30분(String), 월 17시30분(String)
2023-03-16T16:23:05.790+09:00 DEBUG 9432 --- [    Test worker] h.s.repository.AdminMapper.createClass   : <==    Updates: 1
2023-03-16T16:23:05.794+09:00 DEBUG 9432 --- [    Test worker] o.s.jdbc.datasource.DataSourceUtils      : Fetching JDBC Connection from DataSource
2023-03-16T16:23:05.794+09:00 DEBUG 9432 --- [    Test worker] h.s.repository.AdminMapper.createClass   : ==>  Preparing: insert into class (course_id, class_no, lecturer_id, room_id, person_register, person_max, opened, begin, end) values (?, ?, ?, ?, ?, ?, ?, ?, ?)
2023-03-16T16:23:05.795+09:00 DEBUG 9432 --- [    Test worker] h.s.repository.AdminMapper.createClass   : ==> Parameters: CIE3022(String), 12751(Integer), 2002002002(Integer), 110(Integer), 0(Integer), 40(Integer), 2022(Integer), 화 15시30분(String), 화 17시30분(String)
2023-03-16T16:23:05.796+09:00 DEBUG 9432 --- [    Test worker] h.s.repository.AdminMapper.createClass   : <==    Updates: 1
2023-03-16T16:23:05.808+09:00 DEBUG 9432 --- [    Test worker] o.s.jdbc.datasource.DataSourceUtils      : Fetching JDBC Connection from DataSource
2023-03-16T16:23:05.812+09:00 DEBUG 9432 --- [    Test worker] h.s.repository.AdminMapper.findClasses   : ==>  Preparing: select cl.class_id, cl.course_id, cl.class_no, cl.lecturer_id, cl.room_id, cl.person_register, cl.person_max, cl.opened, cl.begin, cl.end, co.course_name, co.credit, co.year from class as cl join course as co on cl.course_id = co.course_id WHERE co.course_name like ?
2023-03-16T16:23:05.816+09:00 DEBUG 9432 --- [    Test worker] h.s.repository.AdminMapper.findClasses   : ==> Parameters: 환경공학(String)
2023-03-16T16:23:05.837+09:00 TRACE 9432 --- [    Test worker] h.s.repository.AdminMapper.findClasses   : <==    Columns: CLASS_ID, COURSE_ID, CLASS_NO, LECTURER_ID, ROOM_ID, PERSON_REGISTER, PERSON_MAX, OPENED, BEGIN, END, COURSE_NAME, CREDIT, YEAR
2023-03-16T16:23:05.838+09:00 TRACE 9432 --- [    Test worker] h.s.repository.AdminMapper.findClasses   : <==        Row: 44, CIE3022, 12750, 2001001001, 109, 0, 40, 2022, 월 15시30분, 월 17시30분, 환경공학, 3, 3
2023-03-16T16:23:05.839+09:00 TRACE 9432 --- [    Test worker] h.s.repository.AdminMapper.findClasses   : <==        Row: 45, CIE3022, 12751, 2002002002, 110, 0, 40, 2022, 화 15시30분, 화 17시30분, 환경공학, 3, 3
2023-03-16T16:23:05.839+09:00 DEBUG 9432 --- [    Test worker] h.s.repository.AdminMapper.findClasses   : <==      Total: 2
2023-03-16T16:23:05.917+09:00 DEBUG 9432 --- [    Test worker] o.s.jdbc.datasource.DataSourceUtils      : Fetching JDBC Connection from DataSource
2023-03-16T16:23:05.917+09:00 DEBUG 9432 --- [    Test worker] h.s.repository.AdminMapper.findClasses   : ==>  Preparing: select cl.class_id, cl.course_id, cl.class_no, cl.lecturer_id, cl.room_id, cl.person_register, cl.person_max, cl.opened, cl.begin, cl.end, co.course_name, co.credit, co.year from class as cl join course as co on cl.course_id = co.course_id WHERE co.course_id = ?
2023-03-16T16:23:05.918+09:00 DEBUG 9432 --- [    Test worker] h.s.repository.AdminMapper.findClasses   : ==> Parameters: CIE3022(String)
2023-03-16T16:23:05.919+09:00 TRACE 9432 --- [    Test worker] h.s.repository.AdminMapper.findClasses   : <==    Columns: CLASS_ID, COURSE_ID, CLASS_NO, LECTURER_ID, ROOM_ID, PERSON_REGISTER, PERSON_MAX, OPENED, BEGIN, END, COURSE_NAME, CREDIT, YEAR
2023-03-16T16:23:05.919+09:00 TRACE 9432 --- [    Test worker] h.s.repository.AdminMapper.findClasses   : <==        Row: 44, CIE3022, 12750, 2001001001, 109, 0, 40, 2022, 월 15시30분, 월 17시30분, 환경공학, 3, 3
2023-03-16T16:23:05.919+09:00 TRACE 9432 --- [    Test worker] h.s.repository.AdminMapper.findClasses   : <==        Row: 45, CIE3022, 12751, 2002002002, 110, 0, 40, 2022, 화 15시30분, 화 17시30분, 환경공학, 3, 3
2023-03-16T16:23:05.920+09:00 DEBUG 9432 --- [    Test worker] h.s.repository.AdminMapper.findClasses   : <==      Total: 2
]]></system-out>
  <system-err><![CDATA[]]></system-err>
</testsuite>
