<?xml version="1.0" encoding="UTF-8"?>
<testsuite name="happyman.sugang.repository.AdminRepositoryTest" tests="1" skipped="0" failures="0" errors="0" timestamp="2023-05-06T11:56:06" hostname="heenamkangs-MacBook-Air.local" time="0.464">
  <properties/>
  <testcase name="학생_등록()" classname="happyman.sugang.repository.AdminRepositoryTest" time="0.464"/>
  <system-out><![CDATA[20:56:03.547 [Test worker] DEBUG org.springframework.boot.test.context.SpringBootTestContextBootstrapper - Neither @ContextConfiguration nor @ContextHierarchy found for test class [AdminRepositoryTest]: using SpringBootContextLoader
20:56:03.552 [Test worker] DEBUG org.springframework.test.context.support.AbstractContextLoader - Could not detect default resource locations for test class [happyman.sugang.repository.AdminRepositoryTest]: no resource found for suffixes {-context.xml, Context.groovy}.
20:56:03.552 [Test worker] INFO org.springframework.test.context.support.AnnotationConfigContextLoaderUtils - Could not detect default configuration classes for test class [happyman.sugang.repository.AdminRepositoryTest]: AdminRepositoryTest does not declare any static, non-private, non-final, nested classes annotated with @Configuration.
20:56:03.567 [Test worker] DEBUG org.springframework.boot.test.context.SpringBootTestContextBootstrapper - Using ContextCustomizers for test class [AdminRepositoryTest]: [DisableObservabilityContextCustomizer, PropertyMappingContextCustomizer, Customizer, ExcludeFilterContextCustomizer, DuplicateJsonObjectContextCustomizer, MockitoContextCustomizer, TestRestTemplateContextCustomizer]
20:56:03.668 [Test worker] DEBUG org.springframework.context.annotation.ClassPathScanningCandidateComponentProvider - Identified candidate component class: file [/Users/heenamkang/dev/spring/sugang/build/classes/java/main/happyman/sugang/SugangApplication.class]
20:56:03.670 [Test worker] INFO org.springframework.boot.test.context.SpringBootTestContextBootstrapper - Found @SpringBootConfiguration happyman.sugang.SugangApplication for test class happyman.sugang.repository.AdminRepositoryTest
20:56:03.822 [Test worker] DEBUG org.springframework.boot.test.context.SpringBootTestContextBootstrapper - Using TestExecutionListeners for test class [AdminRepositoryTest]: [ServletTestExecutionListener, DirtiesContextBeforeModesTestExecutionListener, ApplicationEventsTestExecutionListener, MockitoTestExecutionListener, DependencyInjectionTestExecutionListener, DirtiesContextTestExecutionListener, TransactionalTestExecutionListener, SqlScriptsTestExecutionListener, EventPublishingTestExecutionListener, RestDocsTestExecutionListener, MockRestServiceServerResetTestExecutionListener, MockMvcPrintOnlyOnFailureTestExecutionListener, WebDriverTestExecutionListener, MockWebServiceServerTestExecutionListener, ResetMocksTestExecutionListener]
20:56:03.823 [Test worker] DEBUG org.springframework.test.context.support.AbstractDirtiesContextTestExecutionListener - Before test class: class [AdminRepositoryTest], class annotated with @DirtiesContext [false] with mode [null]

  .   ____          _            __ _ _
 /\\ / ___'_ __ _ _(_)_ __  __ _ \ \ \ \
( ( )\___ | '_ | '_| | '_ \/ _` | \ \ \ \
 \\/  ___)| |_)| | | | | || (_| |  ) ) ) )
  '  |____| .__|_| |_|_| |_\__, | / / / /
 =========|_|==============|___/=/_/_/_/
 :: Spring Boot ::                (v3.0.3)

2023-05-06T20:56:04.082+09:00  INFO 1411 --- [    Test worker] h.sugang.repository.AdminRepositoryTest  : Starting AdminRepositoryTest using Java 17.0.5 with PID 1411 (started by heenamkang in /Users/heenamkang/dev/spring/sugang)
2023-05-06T20:56:04.085+09:00 DEBUG 1411 --- [    Test worker] h.sugang.repository.AdminRepositoryTest  : Running with Spring Boot v3.0.3, Spring v6.0.5
2023-05-06T20:56:04.086+09:00  INFO 1411 --- [    Test worker] h.sugang.repository.AdminRepositoryTest  : The following 1 profile is active: "test"
2023-05-06T20:56:05.085+09:00 DEBUG 1411 --- [    Test worker] o.s.jdbc.datasource.DataSourceUtils      : Fetching JDBC Connection from DataSource
2023-05-06T20:56:05.086+09:00  INFO 1411 --- [    Test worker] com.zaxxer.hikari.HikariDataSource       : HikariPool-1 - Starting...
2023-05-06T20:56:05.479+09:00  INFO 1411 --- [    Test worker] com.zaxxer.hikari.pool.HikariPool        : HikariPool-1 - Added connection com.mysql.cj.jdbc.ConnectionImpl@f2b90fc
2023-05-06T20:56:05.480+09:00  INFO 1411 --- [    Test worker] com.zaxxer.hikari.HikariDataSource       : HikariPool-1 - Start completed.
2023-05-06T20:56:06.048+09:00  INFO 1411 --- [    Test worker] h.sugang.repository.AdminRepositoryTest  : Started AdminRepositoryTest in 2.152 seconds (process running for 3.358)
2023-05-06T20:56:06.396+09:00 DEBUG 1411 --- [    Test worker] o.s.jdbc.datasource.DataSourceUtils      : Fetching JDBC Connection from DataSource
2023-05-06T20:56:06.398+09:00 DEBUG 1411 --- [    Test worker] h.s.r.AdminMapper.createStudent          : ==>  Preparing: insert into student (major_idx, lecturer_idx, student_id, student_pwd, student_name, student_year, student_sex, student_state) values (?, ?, ?, ?, ?, ?, ?, ?)
2023-05-06T20:56:06.425+09:00 DEBUG 1411 --- [    Test worker] h.s.r.AdminMapper.createStudent          : ==> Parameters: 1(Integer), 2(Integer), 2016049907(String), pwd(String), 강희남(String), 4(Integer), male(String), 재학(String)
2023-05-06T20:56:06.439+09:00 DEBUG 1411 --- [    Test worker] h.s.r.AdminMapper.createStudent          : <==    Updates: 1
2023-05-06T20:56:06.452+09:00 DEBUG 1411 --- [    Test worker] o.s.jdbc.datasource.DataSourceUtils      : Fetching JDBC Connection from DataSource
2023-05-06T20:56:06.452+09:00 DEBUG 1411 --- [    Test worker] h.s.r.AdminMapper.findStudentsByName     : ==>  Preparing: select * from student where student_name = ?
2023-05-06T20:56:06.453+09:00 DEBUG 1411 --- [    Test worker] h.s.r.AdminMapper.findStudentsByName     : ==> Parameters: 강희남(String)
2023-05-06T20:56:06.470+09:00 TRACE 1411 --- [    Test worker] h.s.r.AdminMapper.findStudentsByName     : <==    Columns: student_idx, major_idx, lecturer_idx, student_id, student_pwd, student_name, student_year, student_sex, student_state
2023-05-06T20:56:06.470+09:00 TRACE 1411 --- [    Test worker] h.s.r.AdminMapper.findStudentsByName     : <==        Row: 7, 1, 2, 2016049907, pwd, 강희남, 4, male, 재학
2023-05-06T20:56:06.471+09:00 DEBUG 1411 --- [    Test worker] h.s.r.AdminMapper.findStudentsByName     : <==      Total: 1
]]></system-out>
  <system-err><![CDATA[]]></system-err>
</testsuite>
