<?xml version="1.0" encoding="UTF-8"?>
<testsuite name="happyman.sugang.domain.UserRepositoryTest" tests="1" skipped="0" failures="0" errors="0" timestamp="2023-03-10T10:06:52" hostname="heenamkangs-MacBook-Air.local" time="0.451">
  <properties/>
  <testcase name="학생_회원가입()" classname="happyman.sugang.domain.UserRepositoryTest" time="0.451"/>
  <system-out><![CDATA[19:06:51.000 [Test worker] DEBUG org.springframework.boot.test.context.SpringBootTestContextBootstrapper - Neither @ContextConfiguration nor @ContextHierarchy found for test class [UserRepositoryTest]: using SpringBootContextLoader
19:06:51.004 [Test worker] DEBUG org.springframework.test.context.support.AbstractContextLoader - Could not detect default resource locations for test class [happyman.sugang.domain.UserRepositoryTest]: no resource found for suffixes {-context.xml, Context.groovy}.
19:06:51.005 [Test worker] INFO org.springframework.test.context.support.AnnotationConfigContextLoaderUtils - Could not detect default configuration classes for test class [happyman.sugang.domain.UserRepositoryTest]: UserRepositoryTest does not declare any static, non-private, non-final, nested classes annotated with @Configuration.
19:06:51.022 [Test worker] DEBUG org.springframework.boot.test.context.SpringBootTestContextBootstrapper - Using ContextCustomizers for test class [UserRepositoryTest]: [DisableObservabilityContextCustomizer, PropertyMappingContextCustomizer, Customizer, ExcludeFilterContextCustomizer, DuplicateJsonObjectContextCustomizer, MockitoContextCustomizer, TestRestTemplateContextCustomizer]
19:06:51.076 [Test worker] DEBUG org.springframework.context.annotation.ClassPathScanningCandidateComponentProvider - Identified candidate component class: file [/Users/heenamkang/dev/spring/sugang/build/classes/java/main/happyman/sugang/SugangApplication.class]
19:06:51.077 [Test worker] INFO org.springframework.boot.test.context.SpringBootTestContextBootstrapper - Found @SpringBootConfiguration happyman.sugang.SugangApplication for test class happyman.sugang.domain.UserRepositoryTest
19:06:51.138 [Test worker] DEBUG org.springframework.boot.test.context.SpringBootTestContextBootstrapper - Using TestExecutionListeners for test class [UserRepositoryTest]: [ServletTestExecutionListener, DirtiesContextBeforeModesTestExecutionListener, ApplicationEventsTestExecutionListener, MockitoTestExecutionListener, DependencyInjectionTestExecutionListener, DirtiesContextTestExecutionListener, TransactionalTestExecutionListener, SqlScriptsTestExecutionListener, EventPublishingTestExecutionListener, RestDocsTestExecutionListener, MockRestServiceServerResetTestExecutionListener, MockMvcPrintOnlyOnFailureTestExecutionListener, WebDriverTestExecutionListener, MockWebServiceServerTestExecutionListener, ResetMocksTestExecutionListener]
19:06:51.139 [Test worker] DEBUG org.springframework.test.context.support.AbstractDirtiesContextTestExecutionListener - Before test class: class [UserRepositoryTest], class annotated with @DirtiesContext [false] with mode [null]

  .   ____          _            __ _ _
 /\\ / ___'_ __ _ _(_)_ __  __ _ \ \ \ \
( ( )\___ | '_ | '_| | '_ \/ _` | \ \ \ \
 \\/  ___)| |_)| | | | | || (_| |  ) ) ) )
  '  |____| .__|_| |_|_| |_\__, | / / / /
 =========|_|==============|___/=/_/_/_/
 :: Spring Boot ::                (v3.0.3)

2023-03-10T19:06:51.324+09:00  INFO 59667 --- [    Test worker] h.sugang.domain.UserRepositoryTest       : Starting UserRepositoryTest using Java 17.0.5 with PID 59667 (started by heenamkang in /Users/heenamkang/dev/spring/sugang)
2023-03-10T19:06:51.325+09:00  INFO 59667 --- [    Test worker] h.sugang.domain.UserRepositoryTest       : The following 1 profile is active: "test"
2023-03-10T19:06:52.355+09:00  INFO 59667 --- [    Test worker] h.sugang.domain.UserRepositoryTest       : Started UserRepositoryTest in 1.183 seconds (process running for 2.11)
2023-03-10T19:06:52.631+09:00 DEBUG 59667 --- [    Test worker] o.s.jdbc.datasource.DataSourceUtils      : Fetching JDBC Connection from DataSource
2023-03-10T19:06:52.631+09:00  INFO 59667 --- [    Test worker] com.zaxxer.hikari.HikariDataSource       : HikariPool-1 - Starting...
2023-03-10T19:06:52.706+09:00  INFO 59667 --- [    Test worker] com.zaxxer.hikari.pool.HikariPool        : HikariPool-1 - Added connection conn0: url=jdbc:h2:tcp://localhost/~/test user=SA
2023-03-10T19:06:52.707+09:00  INFO 59667 --- [    Test worker] com.zaxxer.hikari.HikariDataSource       : HikariPool-1 - Start completed.
2023-03-10T19:06:52.713+09:00 DEBUG 59667 --- [    Test worker] h.s.repository.UserMapper.saveStudent    : ==>  Preparing: insert into student (student_id, password, major_id, student_name, sex, year, state) values (?, ?, ?, ?, ?, ?, ?)
2023-03-10T19:06:52.731+09:00 DEBUG 59667 --- [    Test worker] h.s.repository.UserMapper.saveStudent    : ==> Parameters: 2016049907(Integer), 2(String), 2(Integer), 강희남(String), male(String), 4(Integer), 재학(String)
2023-03-10T19:06:52.756+09:00 DEBUG 59667 --- [    Test worker] h.s.repository.UserMapper.saveStudent    : <==    Updates: 1
2023-03-10T19:06:52.759+09:00 DEBUG 59667 --- [    Test worker] o.s.jdbc.datasource.DataSourceUtils      : Fetching JDBC Connection from DataSource
2023-03-10T19:06:52.759+09:00 DEBUG 59667 --- [    Test worker] h.s.repository.UserMapper.findStudent    : ==>  Preparing: select student_id as id, password, major_id, student_name, sex, year, state from student where student_id = ?
2023-03-10T19:06:52.760+09:00 DEBUG 59667 --- [    Test worker] h.s.repository.UserMapper.findStudent    : ==> Parameters: 2016049907(Integer)
2023-03-10T19:06:52.776+09:00 TRACE 59667 --- [    Test worker] h.s.repository.UserMapper.findStudent    : <==    Columns: ID, PASSWORD, MAJOR_ID, STUDENT_NAME, SEX, YEAR, STATE
2023-03-10T19:06:52.776+09:00 TRACE 59667 --- [    Test worker] h.s.repository.UserMapper.findStudent    : <==        Row: 2016049907, 2, 2, 강희남, male, 4, 재학
2023-03-10T19:06:52.778+09:00 DEBUG 59667 --- [    Test worker] h.s.repository.UserMapper.findStudent    : <==      Total: 1
]]></system-out>
  <system-err><![CDATA[]]></system-err>
</testsuite>
