<?xml version="1.0" encoding="UTF-8"?>
<testsuite name="happyman.sugang.repository.AdminControllerTest" tests="1" skipped="0" failures="0" errors="0" timestamp="2023-07-12T04:06:09" hostname="heenamkangs-MacBook-Air.local" time="0.802">
  <properties/>
  <testcase name="@NotNull 에러 테스트" classname="happyman.sugang.repository.AdminControllerTest" time="0.802"/>
  <system-out><![CDATA[13:06:06.452 [Test worker] DEBUG org.springframework.boot.test.context.SpringBootTestContextBootstrapper - Neither @ContextConfiguration nor @ContextHierarchy found for test class [AdminControllerTest]: using SpringBootContextLoader
13:06:06.460 [Test worker] DEBUG org.springframework.test.context.support.AbstractContextLoader - Could not detect default resource locations for test class [happyman.sugang.repository.AdminControllerTest]: no resource found for suffixes {-context.xml, Context.groovy}.
13:06:06.461 [Test worker] INFO org.springframework.test.context.support.AnnotationConfigContextLoaderUtils - Could not detect default configuration classes for test class [happyman.sugang.repository.AdminControllerTest]: AdminControllerTest does not declare any static, non-private, non-final, nested classes annotated with @Configuration.
13:06:06.508 [Test worker] DEBUG org.springframework.boot.test.context.SpringBootTestContextBootstrapper - Using ContextCustomizers for test class [AdminControllerTest]: [DisableObservabilityContextCustomizer, PropertyMappingContextCustomizer, Customizer, ImportsContextCustomizer, ExcludeFilterContextCustomizer, DuplicateJsonObjectContextCustomizer, MockitoContextCustomizer, TestRestTemplateContextCustomizer]
13:06:06.611 [Test worker] DEBUG org.springframework.context.annotation.ClassPathScanningCandidateComponentProvider - Identified candidate component class: file [/Users/heenamkang/dev/spring/sugang/build/classes/java/main/happyman/sugang/SugangApplication.class]
13:06:06.612 [Test worker] INFO org.springframework.boot.test.context.SpringBootTestContextBootstrapper - Found @SpringBootConfiguration happyman.sugang.SugangApplication for test class happyman.sugang.repository.AdminControllerTest
13:06:06.729 [Test worker] DEBUG org.springframework.boot.test.context.SpringBootTestContextBootstrapper - Using TestExecutionListeners for test class [AdminControllerTest]: [ServletTestExecutionListener, DirtiesContextBeforeModesTestExecutionListener, ApplicationEventsTestExecutionListener, MockitoTestExecutionListener, DependencyInjectionTestExecutionListener, DirtiesContextTestExecutionListener, TransactionalTestExecutionListener, SqlScriptsTestExecutionListener, EventPublishingTestExecutionListener, RestDocsTestExecutionListener, MockRestServiceServerResetTestExecutionListener, MockMvcPrintOnlyOnFailureTestExecutionListener, WebDriverTestExecutionListener, MockWebServiceServerTestExecutionListener, ResetMocksTestExecutionListener]
13:06:06.730 [Test worker] DEBUG org.springframework.test.context.support.AbstractDirtiesContextTestExecutionListener - Before test class: class [AdminControllerTest], class annotated with @DirtiesContext [false] with mode [null]

  .   ____          _            __ _ _
 /\\ / ___'_ __ _ _(_)_ __  __ _ \ \ \ \
( ( )\___ | '_ | '_| | '_ \/ _` | \ \ \ \
 \\/  ___)| |_)| | | | | || (_| |  ) ) ) )
  '  |____| .__|_| |_|_| |_\__, | / / / /
 =========|_|==============|___/=/_/_/_/
 :: Spring Boot ::                (v3.0.3)

2023-07-12T13:06:07.063+09:00  INFO 30565 --- [    Test worker] h.sugang.repository.AdminControllerTest  : Starting AdminControllerTest using Java 17.0.5 with PID 30565 (started by heenamkang in /Users/heenamkang/dev/spring/sugang)
2023-07-12T13:06:07.065+09:00 DEBUG 30565 --- [    Test worker] h.sugang.repository.AdminControllerTest  : Running with Spring Boot v3.0.3, Spring v6.0.5
2023-07-12T13:06:07.066+09:00  INFO 30565 --- [    Test worker] h.sugang.repository.AdminControllerTest  : The following 1 profile is active: "test"
2023-07-12T13:06:08.206+09:00 DEBUG 30565 --- [    Test worker] o.s.jdbc.datasource.DataSourceUtils      : Fetching JDBC Connection from DataSource
2023-07-12T13:06:08.208+09:00  INFO 30565 --- [    Test worker] com.zaxxer.hikari.HikariDataSource       : HikariPool-1 - Starting...
2023-07-12T13:06:08.784+09:00  INFO 30565 --- [    Test worker] com.zaxxer.hikari.pool.HikariPool        : HikariPool-1 - Added connection com.mysql.cj.jdbc.ConnectionImpl@76437e9b
2023-07-12T13:06:08.786+09:00  INFO 30565 --- [    Test worker] com.zaxxer.hikari.HikariDataSource       : HikariPool-1 - Start completed.
2023-07-12T13:06:09.464+09:00  INFO 30565 --- [    Test worker] o.s.b.t.m.w.SpringBootMockServletContext : Initializing Spring TestDispatcherServlet ''
2023-07-12T13:06:09.464+09:00  INFO 30565 --- [    Test worker] o.s.t.web.servlet.TestDispatcherServlet  : Initializing Servlet ''
2023-07-12T13:06:09.466+09:00  INFO 30565 --- [    Test worker] o.s.t.web.servlet.TestDispatcherServlet  : Completed initialization in 0 ms
2023-07-12T13:06:09.485+09:00  INFO 30565 --- [    Test worker] h.sugang.repository.AdminControllerTest  : Started AdminControllerTest in 2.7 seconds (process running for 4.17)
2023-07-12T13:06:09.856+09:00 DEBUG 30565 --- [    Test worker] o.s.jdbc.datasource.DataSourceUtils      : Fetching JDBC Connection from DataSource
2023-07-12T13:06:09.859+09:00 DEBUG 30565 --- [    Test worker] h.s.repository.AdminMapper.createAdmin   : ==>  Preparing: insert into admin (admin_id, admin_pwd) values (?, ?)
2023-07-12T13:06:09.887+09:00 DEBUG 30565 --- [    Test worker] h.s.repository.AdminMapper.createAdmin   : ==> Parameters: id3(String), pwd3(String)
2023-07-12T13:06:09.934+09:00 DEBUG 30565 --- [    Test worker] h.s.repository.AdminMapper.createAdmin   : <==    Updates: 1
2023-07-12T13:06:10.288+09:00  WARN 30565 --- [    Test worker] .w.s.m.s.DefaultHandlerExceptionResolver : Resolved [org.springframework.validation.BindException: org.springframework.validation.BeanPropertyBindingResult: 1 errors<EOL>Field error in object 'adminDto' on field 'adminPwd': rejected value [null]; codes [NotNull.adminDto.adminPwd,NotNull.adminPwd,NotNull.java.lang.String,NotNull]; arguments [org.springframework.context.support.DefaultMessageSourceResolvable: codes [adminDto.adminPwd,adminPwd]; arguments []; default message [adminPwd]]; default message [must not be null]]
]]></system-out>
  <system-err><![CDATA[]]></system-err>
</testsuite>
